{
  "RSpec": {
    "coverage": {
      "/home/licolsan/LinhPH/Training/Workspace/kins_social/spec/controllers/account_activations_controller_spec.rb": [
        1,
        null,
        1,
        1,
        1,
        1,
        1,
        1,
        null,
        1,
        1,
        1,
        1,
        null,
        null,
        null
      ],
      "/home/licolsan/LinhPH/Training/Workspace/kins_social/spec/rails_helper.rb": [
        null,
        1,
        1,
        1,
        null,
        1,
        1,
        null,
        null,
        null,
        null,
        null,
        null,
        null,
        null,
        null,
        null,
        null,
        null,
        null,
        null,
        null,
        null,
        null,
        null,
        null,
        1,
        null,
        1,
        null,
        1,
        null,
        null,
        null,
        null,
        1,
        null,
        null,
        null,
        null,
        null,
        null,
        null,
        null,
        null,
        null,
        null,
        null,
        null,
        null,
        1,
        null,
        null,
        1,
        null,
        null,
        null
      ],
      "/home/licolsan/LinhPH/Training/Workspace/kins_social/config/environment.rb": [
        null,
        1,
        null,
        null,
        1
      ],
      "/home/licolsan/LinhPH/Training/Workspace/kins_social/config/application.rb": [
        1,
        null,
        1,
        null,
        1,
        null,
        null,
        null,
        null,
        1,
        null,
        1,
        1,
        null,
        1,
        1,
        1,
        1,
        1,
        null,
        null,
        null,
        null,
        null,
        null,
        null
      ],
      "/home/licolsan/LinhPH/Training/Workspace/kins_social/config/boot.rb": [
        1,
        null,
        1
      ],
      "/home/licolsan/LinhPH/Training/Workspace/kins_social/config/environments/test.rb": [
        1,
        null,
        null,
        null,
        null,
        null,
        null,
        1,
        null,
        null,
        null,
        null,
        1,
        null,
        null,
        1,
        1,
        null,
        null,
        null,
        null,
        1,
        1,
        null,
        null,
        1,
        null,
        null,
        1,
        1,
        null,
        null,
        null,
        null,
        1,
        null,
        null,
        1,
        null,
        1,
        null,
        1,
        null,
        null,
        null,
        null,
        null,
        null,
        null,
        null,
        1,
        null,
        null,
        null,
        null,
        null,
        null,
        null,
        null,
        null,
        null,
        null
      ],
      "/home/licolsan/LinhPH/Training/Workspace/kins_social/config/initializers/application_controller_renderer.rb": [
        null,
        null,
        null,
        null,
        null,
        null,
        null,
        null
      ],
      "/home/licolsan/LinhPH/Training/Workspace/kins_social/config/initializers/assets.rb": [
        null,
        null,
        null,
        1,
        null,
        null,
        null,
        null,
        1,
        null,
        null,
        null,
        null,
        null
      ],
      "/home/licolsan/LinhPH/Training/Workspace/kins_social/config/initializers/backtrace_silencers.rb": [
        null,
        null,
        null,
        null,
        null,
        null,
        null
      ],
      "/home/licolsan/LinhPH/Training/Workspace/kins_social/config/initializers/cookies_serializer.rb": [
        null,
        null,
        null,
        null,
        1
      ],
      "/home/licolsan/LinhPH/Training/Workspace/kins_social/config/initializers/filter_parameter_logging.rb": [
        null,
        null,
        null,
        1
      ],
      "/home/licolsan/LinhPH/Training/Workspace/kins_social/config/initializers/inflections.rb": [
        null,
        null,
        null,
        null,
        null,
        null,
        null,
        null,
        null,
        null,
        null,
        null,
        null,
        null,
        null,
        null
      ],
      "/home/licolsan/LinhPH/Training/Workspace/kins_social/config/initializers/mime_types.rb": [
        null,
        null,
        null,
        null
      ],
      "/home/licolsan/LinhPH/Training/Workspace/kins_social/config/initializers/omniauth.rb": [
        1,
        null,
        1,
        1,
        null
      ],
      "/home/licolsan/LinhPH/Training/Workspace/kins_social/config/initializers/wrap_parameters.rb": [
        null,
        null,
        null,
        null,
        null,
        null,
        1,
        2,
        null,
        null,
        null,
        null,
        null,
        null
      ],
      "/home/licolsan/LinhPH/Training/Workspace/kins_social/config/routes.rb": [
        1,
        1,
        1,
        1,
        1,
        null,
        1,
        null,
        1,
        null,
        1,
        1,
        1,
        1,
        1,
        1,
        1,
        1,
        1,
        1,
        null,
        1,
        1,
        null
      ],
      "/home/licolsan/LinhPH/Training/Workspace/kins_social/app/helpers/account_activations_helper.rb": [
        1,
        null
      ],
      "/home/licolsan/LinhPH/Training/Workspace/kins_social/app/helpers/application_helper.rb": [
        1,
        null
      ],
      "/home/licolsan/LinhPH/Training/Workspace/kins_social/app/helpers/follow_relationships_helper.rb": [
        1,
        null
      ],
      "/home/licolsan/LinhPH/Training/Workspace/kins_social/app/helpers/friend_ships_helper.rb": [
        1,
        null
      ],
      "/home/licolsan/LinhPH/Training/Workspace/kins_social/app/helpers/pages_helper.rb": [
        1,
        null
      ],
      "/home/licolsan/LinhPH/Training/Workspace/kins_social/app/helpers/posts_helper.rb": [
        1,
        null
      ],
      "/home/licolsan/LinhPH/Training/Workspace/kins_social/app/helpers/sessions_helper.rb": [
        1,
        null,
        null,
        null,
        null,
        null
      ],
      "/home/licolsan/LinhPH/Training/Workspace/kins_social/app/helpers/users_helper.rb": [
        1,
        null
      ],
      "/home/licolsan/LinhPH/Training/Workspace/kins_social/app/controllers/account_activations_controller.rb": [
        1,
        1,
        2,
        2,
        1,
        1,
        1,
        1,
        null,
        1,
        1,
        null,
        null,
        null
      ],
      "/home/licolsan/LinhPH/Training/Workspace/kins_social/app/controllers/application_controller.rb": [
        1,
        1,
        null,
        1,
        null,
        1,
        1,
        1,
        null,
        null,
        1,
        1,
        1,
        null,
        null,
        1,
        1,
        1,
        null,
        null,
        1,
        1,
        61,
        null,
        null,
        1,
        21,
        null,
        null
      ],
      "/home/licolsan/LinhPH/Training/Workspace/kins_social/spec/controllers/application_controller_spec.rb": [
        1,
        null,
        1,
        1,
        1,
        1,
        1,
        1,
        null,
        1,
        1,
        1,
        1,
        null,
        1,
        1,
        1,
        1,
        null,
        null,
        null
      ],
      "/home/licolsan/LinhPH/Training/Workspace/kins_social/spec/controllers/follow_relationships_controller_spec.rb": [
        1,
        null,
        1,
        1,
        1,
        1,
        1,
        1,
        1,
        1,
        null,
        1,
        1,
        1,
        1,
        1,
        1,
        null,
        1,
        1,
        1,
        1,
        1,
        1,
        1,
        null,
        null,
        null
      ],
      "/home/licolsan/LinhPH/Training/Workspace/kins_social/app/controllers/follow_relationships_controller.rb": [
        1,
        1,
        1,
        null,
        1,
        2,
        2,
        1,
        null,
        1,
        null,
        2,
        null,
        null,
        1,
        1,
        1,
        1,
        null,
        null,
        1,
        1,
        1,
        null,
        null
      ],
      "/home/licolsan/LinhPH/Training/Workspace/kins_social/spec/controllers/friend_ships_controller_spec.rb": [
        1,
        null,
        1,
        1,
        1,
        1,
        1,
        null,
        1,
        1,
        1,
        1,
        1,
        null,
        null,
        1,
        1,
        1,
        1,
        1,
        1,
        1,
        null,
        1,
        1,
        1,
        1,
        1,
        1,
        null,
        null,
        1,
        1,
        1,
        1,
        1,
        1,
        1,
        1,
        null,
        null,
        1,
        1,
        1,
        1,
        1,
        1,
        1,
        1,
        null,
        null,
        1,
        1,
        1,
        1,
        1,
        1,
        1,
        1,
        null,
        null,
        1,
        1,
        1,
        1,
        1,
        1,
        1,
        1,
        null,
        null,
        1,
        1,
        1,
        1,
        1,
        1,
        1,
        1,
        null,
        null,
        null
      ],
      "/home/licolsan/LinhPH/Training/Workspace/kins_social/app/controllers/friend_ships_controller.rb": [
        1,
        1,
        1,
        1,
        1,
        null,
        1,
        1,
        1,
        1,
        null,
        1,
        1,
        null,
        1,
        1,
        1,
        null,
        null,
        1,
        2,
        2,
        1,
        null,
        1,
        null,
        2,
        null,
        null,
        1,
        1,
        1,
        1,
        1,
        null,
        null,
        1,
        1,
        1,
        1,
        null,
        null,
        1,
        1,
        1,
        1,
        1,
        null,
        null,
        1,
        1,
        1,
        1,
        1,
        null,
        null,
        1,
        1,
        1,
        1,
        null,
        null,
        1,
        1,
        5,
        null,
        null,
        1,
        1,
        1,
        1,
        null,
        null,
        1,
        1,
        2,
        2,
        2,
        2,
        null,
        null
      ],
      "/home/licolsan/LinhPH/Training/Workspace/kins_social/spec/controllers/posts_controller_spec.rb": [
        1,
        null,
        1,
        1,
        1,
        1,
        1,
        1,
        1,
        null,
        1,
        1,
        1,
        1,
        1,
        null,
        1,
        1,
        1,
        1,
        1,
        1,
        null,
        1,
        1,
        1,
        1,
        1,
        1,
        null,
        1,
        1,
        1,
        1,
        1,
        1,
        null,
        null,
        null
      ],
      "/home/licolsan/LinhPH/Training/Workspace/kins_social/app/controllers/posts_controller.rb": [
        1,
        1,
        1,
        null,
        null,
        null,
        null,
        null,
        1,
        2,
        2,
        2,
        1,
        null,
        1,
        null,
        2,
        null,
        null,
        1,
        null,
        null,
        1,
        2,
        1,
        1,
        null,
        1,
        1,
        null,
        null,
        null,
        1,
        1,
        1,
        1,
        null,
        null,
        1,
        1,
        4,
        null,
        null,
        1,
        1,
        3,
        null,
        null
      ],
      "/home/licolsan/LinhPH/Training/Workspace/kins_social/spec/controllers/sessions_controller_spec.rb": [
        1,
        null,
        null,
        1,
        1,
        1,
        1,
        1,
        null,
        null,
        1,
        1,
        1,
        1,
        null,
        null,
        1,
        1,
        1,
        1,
        null,
        null,
        1,
        1,
        1,
        1,
        null,
        null,
        1,
        1,
        1,
        null,
        null,
        1,
        1,
        1,
        null,
        null,
        null,
        1,
        1,
        1,
        1,
        1,
        1,
        null,
        null,
        null
      ],
      "/home/licolsan/LinhPH/Training/Workspace/kins_social/app/controllers/sessions_controller.rb": [
        1,
        1,
        null,
        1,
        null,
        null,
        1,
        3,
        null,
        3,
        null,
        1,
        1,
        null,
        2,
        2,
        null,
        null,
        null,
        1,
        2,
        2,
        2,
        2,
        null,
        null,
        1,
        null,
        1,
        1,
        null,
        null
      ],
      "/home/licolsan/LinhPH/Training/Workspace/kins_social/spec/controllers/users_controller_spec.rb": [
        1,
        null,
        null,
        1,
        1,
        1,
        1,
        1,
        null,
        null,
        1,
        1,
        1,
        null,
        null,
        1,
        1,
        1,
        null,
        null,
        null,
        1,
        1,
        1,
        1,
        1,
        1,
        null,
        1,
        1,
        1,
        1,
        1,
        null,
        1,
        1,
        1,
        1,
        1,
        null,
        null,
        null,
        1,
        1,
        1,
        1,
        1,
        null,
        1,
        1,
        1,
        1,
        1,
        null,
        null,
        null,
        1,
        1,
        1,
        1,
        1,
        null,
        null
      ],
      "/home/licolsan/LinhPH/Training/Workspace/kins_social/app/controllers/users_controller.rb": [
        1,
        1,
        null,
        1,
        1,
        null,
        null,
        1,
        2,
        2,
        2,
        2,
        1,
        null,
        1,
        null,
        null,
        null,
        1,
        1,
        null,
        null,
        1,
        null,
        null,
        null,
        1,
        2,
        2,
        2,
        1,
        1,
        null,
        1,
        null,
        null,
        null,
        1,
        2,
        2,
        1,
        1,
        1,
        null,
        1,
        null,
        null,
        null,
        1,
        1,
        4,
        null,
        null
      ],
      "/home/licolsan/LinhPH/Training/Workspace/kins_social/spec/models/follow_relationship_spec.rb": [
        1,
        null,
        1,
        null,
        null
      ],
      "/home/licolsan/LinhPH/Training/Workspace/kins_social/app/models/follow_relationship.rb": [
        1,
        1,
        1,
        null
      ],
      "/home/licolsan/LinhPH/Training/Workspace/kins_social/app/models/application_record.rb": [
        1,
        1,
        null
      ],
      "/home/licolsan/LinhPH/Training/Workspace/kins_social/spec/models/friend_ship_spec.rb": [
        1,
        null,
        1,
        null,
        null
      ],
      "/home/licolsan/LinhPH/Training/Workspace/kins_social/app/models/friend_ship.rb": [
        1,
        1,
        1,
        1,
        null,
        1,
        1,
        null,
        1,
        1,
        null,
        null,
        1,
        1,
        null,
        null,
        1,
        1,
        null,
        null,
        1,
        1,
        null,
        null
      ],
      "/home/licolsan/LinhPH/Training/Workspace/kins_social/spec/models/post_spec.rb": [
        1,
        null,
        1,
        1,
        1,
        1,
        null,
        1,
        1,
        1,
        1,
        1,
        null,
        1,
        1,
        1,
        1,
        null,
        null,
        null
      ],
      "/home/licolsan/LinhPH/Training/Workspace/kins_social/app/models/post.rb": [
        1,
        1,
        1,
        1,
        1,
        null
      ],
      "/home/licolsan/LinhPH/Training/Workspace/kins_social/spec/models/user_spec.rb": [
        1,
        null,
        1,
        1,
        1,
        1,
        1,
        null,
        null,
        1,
        1,
        1,
        null,
        null,
        1,
        1,
        1,
        1,
        null,
        null,
        1,
        1,
        1,
        null,
        null,
        1,
        1,
        1,
        null,
        null,
        1,
        1,
        1,
        1,
        null,
        null,
        1,
        1,
        1,
        1,
        null,
        1,
        1,
        1,
        null,
        1,
        1,
        1,
        1,
        null,
        null,
        null
      ],
      "/home/licolsan/LinhPH/Training/Workspace/kins_social/app/models/user.rb": [
        1,
        1,
        2,
        1,
        null,
        2,
        1,
        null,
        3,
        1,
        null,
        2,
        1,
        null,
        2,
        1,
        null,
        1,
        null,
        1,
        1,
        null,
        1,
        1,
        null,
        1,
        1,
        null,
        1,
        null,
        1,
        1,
        1,
        1,
        null,
        3,
        null,
        1,
        2,
        null,
        null,
        1,
        2,
        null,
        null,
        null,
        null,
        null,
        null,
        null,
        null,
        null,
        null,
        null,
        1,
        54,
        null,
        null,
        1,
        54,
        null,
        null,
        null,
        1,
        2,
        2,
        null,
        null,
        1,
        56,
        null,
        null,
        1,
        54,
        54,
        null,
        null,
        1,
        1,
        null,
        null,
        1,
        1,
        null,
        null,
        1,
        4,
        null,
        null,
        1,
        1,
        null,
        null,
        1,
        2,
        null,
        null,
        1,
        2,
        null,
        null,
        1,
        1,
        null,
        null,
        1,
        4,
        null,
        null,
        1,
        2,
        null,
        null,
        1,
        2,
        null,
        null,
        1,
        2,
        null,
        null,
        1,
        1,
        null,
        null,
        1,
        1,
        null,
        null,
        1,
        1,
        null,
        null,
        1,
        1,
        null,
        null
      ],
      "/home/licolsan/LinhPH/Training/Workspace/kins_social/app/mailers/user_mailer.rb": [
        1,
        null,
        null,
        null,
        null,
        null,
        null,
        1,
        1,
        1,
        null,
        null,
        null,
        null
      ],
      "/home/licolsan/LinhPH/Training/Workspace/kins_social/app/mailers/application_mailer.rb": [
        1,
        1,
        1,
        null
      ]
    },
    "timestamp": 1515471653
  }
}
